# JRE version: OpenJDK Runtime Environment Zulu11.84+17-CA (11.0.29+7) (build 11.0.29+7-LTS)
# Java VM: OpenJDK 64-Bit Server VM Zulu11.84+17-CA (11.0.29+7-LTS, mixed mode, tiered, compressed oops, g1 gc, windows-amd64)
Heap:
 garbage-first heap   total 204800K, used 60822K [0x0000000082000000, 0x0000000800000000)
  region size 4096K, 2 young (8192K), 0 survivors (0K)
 Metaspace       used 66785K, capacity 67599K, committed 67712K, reserved 1107968K
  class space    used 8210K, capacity 8567K, committed 8576K, reserved 1048576K
GC Heap History (20 events):
Event: 375.610 GC heap before
{Heap before GC invocations=99 (full 31):
 garbage-first heap   total 1204224K, used 345076K [0x0000000082000000, 0x0000000800000000)
  region size 4096K, 2 young (8192K), 1 survivors (4096K)
 Metaspace       used 66668K, capacity 67528K, committed 67712K, reserved 1107968K
  class space    used 8203K, capacity 8565K, committed 8576K, reserved 1048576K
}
Event: 375.667 GC heap after
{Heap after GC invocations=100 (full 32):
 garbage-first heap   total 1024000K, used 278657K [0x0000000082000000, 0x0000000800000000)
  region size 4096K, 0 young (0K), 0 survivors (0K)
 Metaspace       used 66668K, capacity 67528K, committed 67712K, reserved 1107968K
  class space    used 8203K, capacity 8565K, committed 8576K, reserved 1048576K
}
Event: 375.710 GC heap before
{Heap before GC invocations=100 (full 32):
 garbage-first heap   total 1024000K, used 278657K [0x0000000082000000, 0x0000000800000000)
  region size 4096K, 1 young (4096K), 0 survivors (0K)
 Metaspace       used 66668K, capacity 67528K, committed 67712K, reserved 1107968K
  class space    used 8203K, capacity 8565K, committed 8576K, reserved 1048576K
}
Event: 375.711 GC heap after
{Heap after GC invocations=101 (full 32):
 garbage-first heap   total 1024000K, used 278941K [0x0000000082000000, 0x0000000800000000)
  region size 4096K, 1 young (4096K), 1 survivors (4096K)
 Metaspace       used 66668K, capacity 67528K, committed 67712K, reserved 1107968K
  class space    used 8203K, capacity 8565K, committed 8576K, reserved 1048576K
}
Event: 375.714 GC heap before
{Heap before GC invocations=101 (full 32):
 garbage-first heap   total 1024000K, used 287133K [0x0000000082000000, 0x0000000800000000)
  region size 4096K, 2 young (8192K), 1 survivors (4096K)
 Metaspace       used 66674K, capacity 67528K, committed 67712K, reserved 1107968K
  class space    used 8203K, capacity 8565K, committed 8576K, reserved 1048576K
}
Event: 375.769 GC heap after
{Heap after GC invocations=102 (full 33):
 garbage-first heap   total 835584K, used 221563K [0x0000000082000000, 0x0000000800000000)
  region size 4096K, 0 young (0K), 0 survivors (0K)
 Metaspace       used 66674K, capacity 67528K, committed 67712K, reserved 1107968K
  class space    used 8203K, capacity 8565K, committed 8576K, reserved 1048576K
}
Event: 375.791 GC heap before
{Heap before GC invocations=102 (full 33):
 garbage-first heap   total 835584K, used 221563K [0x0000000082000000, 0x0000000800000000)
  region size 4096K, 1 young (4096K), 0 survivors (0K)
 Metaspace       used 66674K, capacity 67528K, committed 67712K, reserved 1107968K
  class space    used 8203K, capacity 8565K, committed 8576K, reserved 1048576K
}
Event: 375.792 GC heap after
{Heap after GC invocations=103 (full 33):
 garbage-first heap   total 835584K, used 221614K [0x0000000082000000, 0x0000000800000000)
  region size 4096K, 1 young (4096K), 1 survivors (4096K)
 Metaspace       used 66674K, capacity 67528K, committed 67712K, reserved 1107968K
  class space    used 8203K, capacity 8565K, committed 8576K, reserved 1048576K
}
Event: 375.795 GC heap before
{Heap before GC invocations=103 (full 33):
 garbage-first heap   total 835584K, used 229806K [0x0000000082000000, 0x0000000800000000)
  region size 4096K, 2 young (8192K), 1 survivors (4096K)
 Metaspace       used 66674K, capacity 67528K, committed 67712K, reserved 1107968K
  class space    used 8203K, capacity 8565K, committed 8576K, reserved 1048576K
}
Event: 375.850 GC heap after
{Heap after GC invocations=104 (full 34):
 garbage-first heap   total 630784K, used 164469K [0x0000000082000000, 0x0000000800000000)
  region size 4096K, 0 young (0K), 0 survivors (0K)
 Metaspace       used 66674K, capacity 67528K, committed 67712K, reserved 1107968K
  class space    used 8203K, capacity 8565K, committed 8576K, reserved 1048576K
}
Event: 375.932 GC heap before
{Heap before GC invocations=104 (full 34):
 garbage-first heap   total 630784K, used 164469K [0x0000000082000000, 0x0000000800000000)
  region size 4096K, 1 young (4096K), 0 survivors (0K)
 Metaspace       used 66674K, capacity 67528K, committed 67712K, reserved 1107968K
  class space    used 8203K, capacity 8565K, committed 8576K, reserved 1048576K
}
Event: 375.933 GC heap after
{Heap after GC invocations=105 (full 34):
 garbage-first heap   total 630784K, used 164479K [0x0000000082000000, 0x0000000800000000)
  region size 4096K, 1 young (4096K), 1 survivors (4096K)
 Metaspace       used 66674K, capacity 67528K, committed 67712K, reserved 1107968K
  class space    used 8203K, capacity 8565K, committed 8576K, reserved 1048576K
}
Event: 375.936 GC heap before
{Heap before GC invocations=105 (full 34):
 garbage-first heap   total 630784K, used 172671K [0x0000000082000000, 0x0000000800000000)
  region size 4096K, 2 young (8192K), 1 survivors (4096K)
 Metaspace       used 66674K, capacity 67528K, committed 67712K, reserved 1107968K
  class space    used 8203K, capacity 8565K, committed 8576K, reserved 1048576K
}
Event: 375.982 GC heap after
{Heap after GC invocations=106 (full 35):
 garbage-first heap   total 409600K, used 107376K [0x0000000082000000, 0x0000000800000000)
  region size 4096K, 0 young (0K), 0 survivors (0K)
 Metaspace       used 66674K, capacity 67528K, committed 67712K, reserved 1107968K
  class space    used 8203K, capacity 8565K, committed 8576K, reserved 1048576K
}
Event: 389.992 GC heap before
{Heap before GC invocations=106 (full 35):
 garbage-first heap   total 409600K, used 107376K [0x0000000082000000, 0x0000000800000000)
  region size 4096K, 1 young (4096K), 0 survivors (0K)
 Metaspace       used 66700K, capacity 67528K, committed 67712K, reserved 1107968K
  class space    used 8207K, capacity 8565K, committed 8576K, reserved 1048576K
}
Event: 390.031 GC heap after
{Heap after GC invocations=107 (full 36):
 garbage-first heap   total 274432K, used 61116K [0x0000000082000000, 0x0000000800000000)
  region size 4096K, 0 young (0K), 0 survivors (0K)
 Metaspace       used 66700K, capacity 67528K, committed 67712K, reserved 1107968K
  class space    used 8207K, capacity 8565K, committed 8576K, reserved 1048576K
}
Event: 3553.714 GC heap before
{Heap before GC invocations=107 (full 36):
 garbage-first heap   total 274432K, used 65212K [0x0000000082000000, 0x0000000800000000)
  region size 4096K, 2 young (8192K), 0 survivors (0K)
 Metaspace       used 66785K, capacity 67599K, committed 67712K, reserved 1107968K
  class space    used 8210K, capacity 8567K, committed 8576K, reserved 1048576K
}
Event: 3553.753 GC heap after
{Heap after GC invocations=108 (full 37):
 garbage-first heap   total 233472K, used 60826K [0x0000000082000000, 0x0000000800000000)
  region size 4096K, 0 young (0K), 0 survivors (0K)
 Metaspace       used 66785K, capacity 67599K, committed 67712K, reserved 1107968K
  class space    used 8210K, capacity 8567K, committed 8576K, reserved 1048576K
}
Event: 3644.037 GC heap before
{Heap before GC invocations=108 (full 37):
 garbage-first heap   total 233472K, used 60826K [0x0000000082000000, 0x0000000800000000)
  region size 4096K, 1 young (4096K), 0 survivors (0K)
 Metaspace       used 66785K, capacity 67599K, committed 67712K, reserved 1107968K
  class space    used 8210K, capacity 8567K, committed 8576K, reserved 1048576K
}
Event: 3644.082 GC heap after
{Heap after GC invocations=109 (full 38):
 garbage-first heap   total 204800K, used 60822K [0x0000000082000000, 0x0000000800000000)
  region size 4096K, 0 young (0K), 0 survivors (0K)
 Metaspace       used 66785K, capacity 67599K, committed 67712K, reserved 1107968K
  class space    used 8210K, capacity 8567K, committed 8576K, reserved 1048576K
}

